Watching for file changes with StatReloader
"POST /auth/register/ HTTP/1.1" 200 97
"POST /auth/otp-verification/ HTTP/1.1" 201 635
Unauthorized: /customersite/home/
"GET /customersite/home/ HTTP/1.1" 401 172
Unauthorized: /customersite/home/
"GET /customersite/home/ HTTP/1.1" 401 172
Unauthorized: /auth/token/refresh/
"POST /auth/token/refresh/ HTTP/1.1" 401 54
Unauthorized: /auth/logout/
"POST /auth/logout/ HTTP/1.1" 401 172
Unauthorized: /auth/token/refresh/
"POST /auth/token/refresh/ HTTP/1.1" 401 54
"POST /auth/customer-barber-login/ HTTP/1.1" 200 610
"GET /customersite/home/ HTTP/1.1" 200 79
"GET /customersite/home/ HTTP/1.1" 200 79
Watching for file changes with StatReloader
"POST /auth/admin-login/ HTTP/1.1" 200 557
"GET /auth/admin-dashboard/ HTTP/1.1" 200 43
"GET /auth/admin-dashboard/ HTTP/1.1" 200 43
"GET /profile-service/user-profile/ HTTP/1.1" 200 133
"GET /profile-service/user-profile/ HTTP/1.1" 200 133
"PUT /profile-service/user-profile/ HTTP/1.1" 200 133
"GET /adminsite/barbers-list/ HTTP/1.1" 200 2
"GET /adminsite/barbers-list/ HTTP/1.1" 200 2
"POST /barber-reg/personal-details/ HTTP/1.1" 201 776
"POST /barber-reg/upload-documents/ HTTP/1.1" 200 144
"GET /barber-reg/registration-status/ HTTP/1.1" 200 220
"GET /barber-reg/registration-status/ HTTP/1.1" 200 220
"GET /adminsite/pending-requests/ HTTP/1.1" 200 463
"GET /adminsite/all-requests/ HTTP/1.1" 200 484
"GET /adminsite/pending-requests/ HTTP/1.1" 200 463
"GET /adminsite/all-requests/ HTTP/1.1" 200 484
"POST /adminsite/approve-barber/ HTTP/1.1" 200 109
"GET /adminsite/pending-requests/ HTTP/1.1" 200 2
"GET /adminsite/all-requests/ HTTP/1.1" 200 483
"GET /barber-reg/registration-status/ HTTP/1.1" 200 215
"POST /auth/customer-barber-login/ HTTP/1.1" 200 595
"GET /barbersite/barber-dash/ HTTP/1.1" 200 117
"GET /barbersite/barber-dash/ HTTP/1.1" 200 117
"OPTIONS /barbersite/barber-portfolio/ HTTP/1.1" 200 0
"OPTIONS /barbersite/barber-portfolio/ HTTP/1.1" 200 0
Not Found: /barbersite/barber-portfolio/
"GET /barbersite/barber-portfolio/ HTTP/1.1" 404 39
Not Found: /barbersite/barber-portfolio/
"GET /barbersite/barber-portfolio/ HTTP/1.1" 404 39
"PUT /barbersite/barber-portfolio/ HTTP/1.1" 200 155
"OPTIONS /barbersite/barber-appointments/ HTTP/1.1" 200 0
"OPTIONS /barbersite/barber-appointments/ HTTP/1.1" 200 0
"GET /barbersite/barber-appointments/ HTTP/1.1" 200 2
"GET /barbersite/barber-appointments/ HTTP/1.1" 200 2
"GET /barbersite/barber-slots/ HTTP/1.1" 200 2
"GET /barbersite/barber-slots/ HTTP/1.1" 200 2
"OPTIONS /barbersite/barber-slots/?date=2025-06-20 HTTP/1.1" 200 0
"OPTIONS /barbersite/barber-slots/?date=2025-06-20 HTTP/1.1" 200 0
"GET /barbersite/barber-slots/?date=2025-06-20 HTTP/1.1" 200 2
"GET /barbersite/barber-slots/?date=2025-06-20 HTTP/1.1" 200 2
"OPTIONS /barbersite/barber-slots/create-slot/ HTTP/1.1" 200 0
"POST /barbersite/barber-slots/create-slot/ HTTP/1.1" 201 165
"GET /barbersite/barber-slots/ HTTP/1.1" 200 105
"GET /barbersite/barber-slots/?date=2025-06-20 HTTP/1.1" 200 105
"GET /barbersite/barber-slots/?date=2025-06-20 HTTP/1.1" 200 105
"POST /barbersite/barber-slots/create-slot/ HTTP/1.1" 201 165
"GET /barbersite/barber-slots/ HTTP/1.1" 200 209
"GET /barbersite/barber-services/categories/ HTTP/1.1" 200 2
"GET /barbersite/barber-services/categories/ HTTP/1.1" 200 2
"GET /barbersite/barber-services/my_services/ HTTP/1.1" 200 60
"GET /barbersite/barber-services/my_services/ HTTP/1.1" 200 60
"GET /profile-service/user-profile/ HTTP/1.1" 200 234
"GET /profile-service/user-profile/ HTTP/1.1" 200 234
"GET /media/profile_images/WhatsApp_Image_2025-06-17_at_18.55.06_b8ba0119.jpg HTTP/1.1" 200 77730
"GET /profile-service/user-profile/ HTTP/1.1" 200 133
"GET /profile-service/user-profile/ HTTP/1.1" 200 133
"PUT /profile-service/user-profile/ HTTP/1.1" 200 133
"GET /profile-service/user-profile/ HTTP/1.1" 200 157
"GET /profile-service/user-profile/ HTTP/1.1" 200 157
"PUT /profile-service/user-profile/ HTTP/1.1" 200 157
"GET /customersite/home/ HTTP/1.1" 200 79
"GET /customersite/home/ HTTP/1.1" 200 79
"GET /adminsite/customers-list/ HTTP/1.1" 200 208
"GET /adminsite/customers-list/ HTTP/1.1" 200 208
"GET /adminsite/customers-list/ HTTP/1.1" 200 208
"GET /adminsite/customers-list/ HTTP/1.1" 200 208
"GET /adminsite/customers-details/1/ HTTP/1.1" 200 206
"GET /adminsite/customers-details/1/ HTTP/1.1" 200 206
"GET /adminsite/barbers-list/ HTTP/1.1" 200 285
"GET /adminsite/barbers-list/ HTTP/1.1" 200 285
"GET /media/profile_images/WhatsApp_Image_2025-06-17_at_18.55.06_b8ba0119.jpg HTTP/1.1" 304 0
"OPTIONS /adminsite/customers-details/3/ HTTP/1.1" 200 0
"OPTIONS /adminsite/customers-details/3/ HTTP/1.1" 200 0
"GET /adminsite/customers-details/3/ HTTP/1.1" 200 283
"GET /adminsite/customers-details/3/ HTTP/1.1" 200 283
"GET /adminsite/barbers-list/ HTTP/1.1" 200 285
"GET /adminsite/barbers-list/ HTTP/1.1" 200 285
"GET /adminsite/pending-requests/ HTTP/1.1" 200 2
"GET /adminsite/all-requests/ HTTP/1.1" 200 483
"GET /adminsite/pending-requests/ HTTP/1.1" 200 2
"GET /adminsite/all-requests/ HTTP/1.1" 200 483
"GET /adminsite/pending-requests/ HTTP/1.1" 200 2
"GET /adminsite/all-requests/ HTTP/1.1" 200 483
"GET /adminsite/pending-requests/ HTTP/1.1" 200 2
"GET /adminsite/all-requests/ HTTP/1.1" 200 483
"GET /profile-service/user-profile/ HTTP/1.1" 200 133
"GET /profile-service/user-profile/ HTTP/1.1" 200 133
"PUT /profile-service/user-profile/ HTTP/1.1" 200 133
"GET /adminsite/barbers-list/ HTTP/1.1" 200 285
"GET /adminsite/barbers-list/ HTTP/1.1" 200 285
"GET /media/profile_images/WhatsApp_Image_2025-06-17_at_18.55.06_b8ba0119.jpg HTTP/1.1" 304 0
"GET /adminsite/all-requests/ HTTP/1.1" 200 483
"GET /adminsite/pending-requests/ HTTP/1.1" 200 2
"GET /adminsite/all-requests/ HTTP/1.1" 200 483
"GET /adminsite/pending-requests/ HTTP/1.1" 200 2
"OPTIONS /profile-service/user-profile/ HTTP/1.1" 200 0
"OPTIONS /profile-service/user-profile/ HTTP/1.1" 200 0
Unauthorized: /profile-service/user-profile/
"GET /profile-service/user-profile/ HTTP/1.1" 401 172
Unauthorized: /profile-service/user-profile/
"GET /profile-service/user-profile/ HTTP/1.1" 401 172
"OPTIONS /auth/token/refresh/ HTTP/1.1" 200 0
"POST /auth/token/refresh/ HTTP/1.1" 200 483
"GET /profile-service/user-profile/ HTTP/1.1" 200 234
"GET /profile-service/user-profile/ HTTP/1.1" 200 234
"GET /media/profile_images/WhatsApp_Image_2025-06-17_at_18.55.06_b8ba0119.jpg HTTP/1.1" 304 0
D:\practiceProject\backend\barbersite\views.py changed, reloading.
Watching for file changes with StatReloader
D:\practiceProject\backend\barbersite\views.py changed, reloading.
Watching for file changes with StatReloader
D:\practiceProject\backend\customersite\urls.py changed, reloading.
Watching for file changes with StatReloader
D:\practiceProject\backend\customersite\urls.py changed, reloading.
Watching for file changes with StatReloader
